TN:
SF:src\modules\accounts\useCases\authenticateUser\AuthenticateUserController.ts
FN:8,handle
FNF:1
FNH:1
FNDA:3,handle
DA:1,1
DA:2,1
DA:3,1
DA:4,1
DA:5,1
DA:6,1
DA:7,1
DA:8,1
DA:9,3
DA:10,3
DA:11,3
DA:12,3
DA:13,3
DA:14,3
DA:15,3
DA:16,3
DA:17,1
DA:18,1
DA:19,1
DA:20,1
LF:20
LH:20
BRDA:8,0,0,3
BRF:1
BRH:1
end_of_record
TN:
SF:src\modules\accounts\useCases\authenticateUser\AuthenticateUserUseCase.ts
FN:30,AuthenticateUserUseCase
FN:39,execute
FNF:2
FNH:2
FNDA:6,AuthenticateUserUseCase
FNDA:6,execute
DA:1,1
DA:2,1
DA:3,1
DA:4,1
DA:5,1
DA:6,1
DA:7,1
DA:8,1
DA:9,1
DA:10,1
DA:11,1
DA:12,1
DA:13,1
DA:14,1
DA:15,1
DA:16,1
DA:17,1
DA:18,1
DA:19,1
DA:20,1
DA:21,1
DA:22,1
DA:23,1
DA:24,1
DA:25,1
DA:26,1
DA:27,1
DA:28,1
DA:29,1
DA:30,1
DA:31,6
DA:32,6
DA:33,6
DA:34,6
DA:35,6
DA:36,6
DA:37,6
DA:38,1
DA:39,1
DA:40,6
DA:41,6
DA:42,6
DA:43,6
DA:44,6
DA:45,6
DA:46,1
DA:47,1
DA:48,6
DA:49,6
DA:50,6
DA:51,6
DA:52,6
DA:53,1
DA:54,1
DA:55,4
DA:56,4
DA:57,4
DA:58,4
DA:59,4
DA:60,4
DA:61,4
DA:62,4
DA:63,4
DA:64,4
DA:65,4
DA:66,4
DA:67,4
DA:68,4
DA:69,4
DA:70,4
DA:71,4
DA:72,4
DA:73,4
DA:74,4
DA:75,4
DA:76,4
DA:77,4
DA:78,4
DA:79,4
DA:80,4
DA:81,4
DA:82,4
DA:83,4
DA:84,4
DA:85,4
DA:86,4
DA:87,4
DA:88,4
DA:89,4
DA:90,4
DA:91,4
DA:92,4
DA:93,4
DA:94,4
DA:95,4
DA:96,4
DA:97,1
DA:98,1
DA:99,1
DA:100,1
LF:100
LH:100
BRDA:30,0,0,6
BRDA:39,1,0,6
BRDA:45,2,0,1
BRDA:52,3,0,4
BRDA:52,4,0,1
BRF:5
BRH:5
end_of_record
TN:
SF:src\modules\accounts\useCases\createUser\CreateUserController.ts
FN:1,Object.<anonymous>
FN:3,Object.<anonymous>.__awaiter
FNF:2
FNH:1
FNDA:2,Object.<anonymous>
FNDA:0,Object.<anonymous>.__awaiter
DA:1,2
DA:2,2
DA:3,2
DA:4,0
DA:5,0
DA:6,0
DA:7,0
DA:8,0
DA:9,0
DA:10,0
DA:11,0
DA:12,0
DA:13,0
DA:14,0
DA:15,0
DA:16,0
DA:17,0
DA:18,0
DA:19,0
DA:20,0
DA:21,0
DA:22,0
DA:23,0
DA:24,0
DA:25,0
DA:26,0
DA:27,0
DA:28,0
DA:29,0
DA:30,0
LF:30
LH:3
BRDA:1,0,0,2
BRDA:1,1,0,2
BRF:2
BRH:2
end_of_record
TN:
SF:src\modules\accounts\useCases\createUser\CreateUserUseCase.ts
FN:14,CreateUserUseCase
FN:20,execute
FNF:2
FNH:2
FNDA:3,CreateUserUseCase
FNDA:2,execute
DA:1,1
DA:2,1
DA:3,1
DA:4,1
DA:5,1
DA:6,1
DA:7,1
DA:8,1
DA:9,1
DA:10,1
DA:11,1
DA:12,1
DA:13,1
DA:14,1
DA:15,3
DA:16,3
DA:17,3
DA:18,3
DA:19,1
DA:20,1
DA:21,2
DA:22,2
DA:23,2
DA:24,2
DA:25,0
DA:26,0
DA:27,2
DA:28,2
DA:29,2
DA:30,2
DA:31,2
DA:32,2
DA:33,2
DA:34,2
DA:35,2
DA:36,2
DA:37,1
DA:38,1
DA:39,1
DA:40,1
LF:40
LH:38
BRDA:14,0,0,3
BRDA:20,1,0,2
BRDA:24,2,0,0
BRF:3
BRH:2
end_of_record
TN:
SF:src\modules\accounts\useCases\refreshToken\RefreshTokenController.ts
FN:8,handle
FNF:1
FNH:0
FNDA:0,handle
DA:1,1
DA:2,1
DA:3,1
DA:4,1
DA:5,1
DA:6,1
DA:7,1
DA:8,1
DA:9,0
DA:10,0
DA:11,0
DA:12,0
DA:13,0
DA:14,0
DA:15,0
DA:16,0
DA:17,0
DA:18,1
DA:19,1
DA:20,1
DA:21,1
LF:21
LH:12
BRF:0
BRH:0
end_of_record
TN:
SF:src\modules\accounts\useCases\refreshToken\RefreshTokenUseCase.ts
FN:16,RefreshTokenUseCase
FN:25,execute
FNF:2
FNH:0
FNDA:0,RefreshTokenUseCase
FNDA:0,execute
DA:1,1
DA:2,1
DA:3,1
DA:4,1
DA:5,1
DA:6,1
DA:7,1
DA:8,1
DA:9,1
DA:10,1
DA:11,1
DA:12,1
DA:13,1
DA:14,1
DA:15,1
DA:16,1
DA:17,0
DA:18,0
DA:19,0
DA:20,0
DA:21,0
DA:22,1
DA:23,1
DA:24,1
DA:25,1
DA:26,0
DA:27,0
DA:28,0
DA:29,0
DA:30,0
DA:31,0
DA:32,0
DA:33,0
DA:34,0
DA:35,0
DA:36,0
DA:37,0
DA:38,0
DA:39,0
DA:40,0
DA:41,0
DA:42,0
DA:43,0
DA:44,0
DA:45,0
DA:46,0
DA:47,0
DA:48,0
DA:49,0
DA:50,0
DA:51,0
DA:52,0
DA:53,0
DA:54,0
DA:55,0
DA:56,0
DA:57,0
DA:58,0
DA:59,0
DA:60,0
DA:61,0
DA:62,0
DA:63,0
DA:64,0
DA:65,0
DA:66,1
DA:67,1
DA:68,1
LF:68
LH:23
BRF:0
BRH:0
end_of_record
TN:
SF:src\modules\accounts\useCases\resetPasswordUser\ResetPasswordUserController.ts
FN:8,handle
FNF:1
FNH:0
FNDA:0,handle
DA:1,1
DA:2,1
DA:3,1
DA:4,1
DA:5,1
DA:6,1
DA:7,1
DA:8,1
DA:9,0
DA:10,0
DA:11,0
DA:12,0
DA:13,0
DA:14,0
DA:15,0
DA:16,0
DA:17,0
DA:18,0
DA:19,0
DA:20,0
DA:21,1
DA:22,1
DA:23,1
DA:24,1
LF:24
LH:12
BRF:0
BRH:0
end_of_record
TN:
SF:src\modules\accounts\useCases\resetPasswordUser\ResetPasswordUserUseCase.ts
FN:15,ResetPasswordUserUseCase
FN:26,execute
FNF:2
FNH:0
FNDA:0,ResetPasswordUserUseCase
FNDA:0,execute
DA:1,1
DA:2,1
DA:3,1
DA:4,1
DA:5,1
DA:6,1
DA:7,1
DA:8,1
DA:9,1
DA:10,1
DA:11,1
DA:12,1
DA:13,1
DA:14,1
DA:15,1
DA:16,0
DA:17,0
DA:18,0
DA:19,0
DA:20,0
DA:21,0
DA:22,0
DA:23,0
DA:24,0
DA:25,1
DA:26,1
DA:27,0
DA:28,0
DA:29,0
DA:30,0
DA:31,0
DA:32,0
DA:33,0
DA:34,0
DA:35,0
DA:36,0
DA:37,0
DA:38,0
DA:39,0
DA:40,0
DA:41,0
DA:42,0
DA:43,0
DA:44,0
DA:45,0
DA:46,0
DA:47,0
DA:48,0
DA:49,0
DA:50,0
DA:51,0
DA:52,1
DA:53,1
DA:54,1
LF:54
LH:20
BRF:0
BRH:0
end_of_record
TN:
SF:src\modules\accounts\useCases\sendForgotPasswordMail\SendForgotPasswordMailController.ts
FN:7,handle
FNF:1
FNH:0
FNDA:0,handle
DA:1,1
DA:2,1
DA:3,1
DA:4,1
DA:5,1
DA:6,1
DA:7,1
DA:8,0
DA:9,0
DA:10,0
DA:11,0
DA:12,0
DA:13,0
DA:14,0
DA:15,0
DA:16,1
DA:17,1
DA:18,1
LF:18
LH:10
BRF:0
BRH:0
end_of_record
TN:
SF:src\modules\accounts\useCases\sendForgotPasswordMail\SendForgotPasswordMailUseCase.ts
FN:14,SendForgotPasswordMailUseCase
FN:27,execute
FNF:2
FNH:2
FNDA:3,SendForgotPasswordMailUseCase
FNDA:3,execute
DA:1,1
DA:2,1
DA:3,1
DA:4,1
DA:5,1
DA:6,1
DA:7,1
DA:8,1
DA:9,1
DA:10,1
DA:11,1
DA:12,1
DA:13,1
DA:14,1
DA:15,3
DA:16,3
DA:17,3
DA:18,3
DA:19,3
DA:20,3
DA:21,3
DA:22,3
DA:23,3
DA:24,3
DA:25,3
DA:26,1
DA:27,1
DA:28,3
DA:29,3
DA:30,3
DA:31,3
DA:32,3
DA:33,3
DA:34,3
DA:35,1
DA:36,1
DA:37,3
DA:38,3
DA:39,3
DA:40,3
DA:41,3
DA:42,3
DA:43,3
DA:44,3
DA:45,3
DA:46,3
DA:47,3
DA:48,3
DA:49,3
DA:50,3
DA:51,3
DA:52,3
DA:53,3
DA:54,3
DA:55,3
DA:56,3
DA:57,3
DA:58,3
DA:59,3
DA:60,3
DA:61,3
DA:62,3
DA:63,3
DA:64,3
DA:65,3
DA:66,3
DA:67,1
DA:68,1
DA:69,1
LF:69
LH:69
BRDA:14,0,0,3
BRDA:27,1,0,3
BRDA:34,2,0,1
BRF:3
BRH:3
end_of_record
TN:
SF:src\modules\accounts\useCases\updadateUserAvatar\UpdateUserAvatarUseCase.ts
FN:1,Object.<anonymous>
FN:3,Object.<anonymous>.__decorate
FN:27,Object.<anonymous>.__metadata
FN:32,Object.<anonymous>.__param
FN:38,Object.<anonymous>.__awaiter
FNF:5
FNH:4
FNDA:2,Object.<anonymous>
FNDA:2,Object.<anonymous>.__decorate
FNDA:2,Object.<anonymous>.__metadata
FNDA:2,Object.<anonymous>.__param
FNDA:0,Object.<anonymous>.__awaiter
DA:1,2
DA:2,2
DA:3,2
DA:4,2
DA:5,2
DA:6,0
DA:7,0
DA:8,0
DA:9,2
DA:10,2
DA:11,2
DA:12,2
DA:13,2
DA:14,2
DA:15,0
DA:16,0
DA:17,0
DA:18,0
DA:19,0
DA:20,0
DA:21,0
DA:22,2
DA:23,2
DA:24,2
DA:25,2
DA:26,2
DA:27,2
DA:28,2
DA:29,2
DA:30,2
DA:31,2
DA:32,2
DA:33,2
DA:34,2
DA:35,2
DA:36,2
DA:37,2
DA:38,2
DA:39,0
DA:40,0
DA:41,0
DA:42,0
DA:43,0
DA:44,0
DA:45,0
DA:46,0
DA:47,0
DA:48,0
DA:49,0
LF:49
LH:28
BRDA:1,0,0,2
BRDA:1,1,0,2
BRDA:3,2,0,2
BRDA:5,3,0,0
BRDA:14,4,0,0
BRDA:23,5,0,0
BRDA:23,6,0,0
BRDA:27,7,0,2
BRDA:32,8,0,2
BRDA:33,9,0,2
BRF:10
BRH:6
end_of_record
TN:
SF:src\modules\accounts\useCases\updadateUserAvatar\updateUserAvatarController.ts
FN:1,Object.<anonymous>
FN:2,Object.<anonymous>.__awaiter
FNF:2
FNH:1
FNDA:2,Object.<anonymous>
FNDA:0,Object.<anonymous>.__awaiter
DA:1,2
DA:2,2
DA:3,0
DA:4,0
DA:5,0
DA:6,0
DA:7,0
DA:8,0
DA:9,0
DA:10,0
DA:11,0
DA:12,0
DA:13,0
DA:14,0
DA:15,0
DA:16,0
DA:17,0
DA:18,0
DA:19,0
DA:20,0
DA:21,0
DA:22,0
DA:23,2
LF:23
LH:3
BRDA:1,0,0,2
BRDA:1,1,0,2
BRF:2
BRH:2
end_of_record
TN:
SF:src\modules\cars\useCases\createCar\CreateCarController.ts
FN:8,handle
FNF:1
FNH:0
FNDA:0,handle
DA:1,1
DA:2,1
DA:3,1
DA:4,1
DA:5,1
DA:6,1
DA:7,1
DA:8,1
DA:9,0
DA:10,0
DA:11,0
DA:12,0
DA:13,0
DA:14,0
DA:15,0
DA:16,0
DA:17,0
DA:18,0
DA:19,0
DA:20,0
DA:21,0
DA:22,0
DA:23,0
DA:24,0
DA:25,0
DA:26,0
DA:27,0
DA:28,0
DA:29,0
DA:30,0
DA:31,0
DA:32,0
DA:33,0
DA:34,1
DA:35,1
DA:36,1
DA:37,1
LF:37
LH:12
BRF:0
BRH:0
end_of_record
TN:
SF:src\modules\cars\useCases\createCar\CreateCarUseCase.ts
FN:20,CreateCarUseCase
FN:26,execute
FNF:2
FNH:2
FNDA:3,CreateCarUseCase
FNDA:4,execute
DA:1,1
DA:2,1
DA:3,1
DA:4,1
DA:5,1
DA:6,1
DA:7,1
DA:8,1
DA:9,1
DA:10,1
DA:11,1
DA:12,1
DA:13,1
DA:14,1
DA:15,1
DA:16,1
DA:17,1
DA:18,1
DA:19,1
DA:20,1
DA:21,3
DA:22,3
DA:23,3
DA:24,1
DA:25,1
DA:26,1
DA:27,4
DA:28,4
DA:29,4
DA:30,4
DA:31,1
DA:32,1
DA:33,4
DA:34,4
DA:35,4
DA:36,4
DA:37,4
DA:38,4
DA:39,4
DA:40,4
DA:41,4
DA:42,4
DA:43,4
DA:44,4
DA:45,4
DA:46,1
DA:47,1
DA:48,1
LF:48
LH:48
BRDA:20,0,0,3
BRDA:26,1,0,4
BRDA:30,2,0,1
BRF:3
BRH:3
end_of_record
TN:
SF:src\modules\cars\useCases\createCarSpecification\CreateCarSpecificationController.ts
FN:9,handle
FNF:1
FNH:0
FNDA:0,handle
DA:1,1
DA:2,1
DA:3,1
DA:4,1
DA:5,1
DA:6,1
DA:7,1
DA:8,1
DA:9,1
DA:10,0
DA:11,0
DA:12,0
DA:13,0
DA:14,0
DA:15,0
DA:16,0
DA:17,0
DA:18,0
DA:19,0
DA:20,1
DA:21,1
DA:22,1
DA:23,1
LF:23
LH:13
BRF:0
BRH:0
end_of_record
TN:
SF:src\modules\cars\useCases\createCarSpecification\CreateCarSpecificationUseCase.ts
FN:16,CreateCarSpecificationUseCase
FN:25,execute
FNF:2
FNH:2
FNDA:2,CreateCarSpecificationUseCase
FNDA:2,execute
DA:1,1
DA:2,1
DA:3,1
DA:4,1
DA:5,1
DA:6,1
DA:7,1
DA:8,1
DA:9,1
DA:10,1
DA:11,1
DA:12,1
DA:13,1
DA:14,1
DA:15,1
DA:16,1
DA:17,2
DA:18,2
DA:19,2
DA:20,2
DA:21,2
DA:22,2
DA:23,2
DA:24,1
DA:25,1
DA:26,2
DA:27,2
DA:28,2
DA:29,2
DA:30,1
DA:31,1
DA:32,1
DA:33,1
DA:34,1
DA:35,1
DA:36,1
DA:37,1
DA:38,1
DA:39,1
DA:40,1
DA:41,1
DA:42,1
DA:43,1
DA:44,1
DA:45,1
DA:46,1
DA:47,1
DA:48,1
DA:49,1
DA:50,1
DA:51,1
DA:52,1
DA:53,1
DA:54,1
DA:55,1
LF:55
LH:55
BRDA:16,0,0,2
BRDA:25,1,0,2
BRDA:29,2,0,1
BRF:3
BRH:3
end_of_record
TN:
SF:src\modules\cars\useCases\createCategory\CreateCategoryController.ts
FN:12,handle
FNF:1
FNH:1
FNDA:3,handle
DA:1,1
DA:2,1
DA:3,1
DA:4,1
DA:5,1
DA:6,1
DA:7,1
DA:8,1
DA:9,1
DA:10,1
DA:11,1
DA:12,1
DA:13,3
DA:14,3
DA:15,3
DA:16,3
DA:17,3
DA:18,3
DA:19,3
DA:20,3
DA:21,3
DA:22,1
DA:23,1
DA:24,1
DA:25,1
LF:25
LH:25
BRDA:12,0,0,3
BRF:1
BRH:1
end_of_record
TN:
SF:src\modules\cars\useCases\createCategory\CreateCategoryUseCase.ts
FN:17,CreateCategoryUseCase
FN:24,execute
FNF:2
FNH:2
FNDA:5,CreateCategoryUseCase
FNDA:6,execute
DA:1,1
DA:2,1
DA:3,1
DA:4,1
DA:5,1
DA:6,1
DA:7,1
DA:8,1
DA:9,1
DA:10,1
DA:11,1
DA:12,1
DA:13,1
DA:14,1
DA:15,1
DA:16,1
DA:17,1
DA:18,5
DA:19,5
DA:20,5
DA:21,5
DA:22,5
DA:23,1
DA:24,1
DA:25,6
DA:26,6
DA:27,6
DA:28,6
DA:29,2
DA:30,2
DA:31,2
DA:32,5
DA:33,5
DA:34,5
DA:35,5
DA:36,1
DA:37,1
DA:38,1
DA:39,1
DA:40,1
DA:41,1
DA:42,1
DA:43,1
DA:44,1
DA:45,1
DA:46,1
DA:47,1
DA:48,1
DA:49,1
DA:50,1
DA:51,1
LF:51
LH:51
BRDA:17,0,0,5
BRDA:24,1,0,6
BRDA:28,2,0,5
BRDA:28,3,0,2
BRF:4
BRH:4
end_of_record
TN:
SF:src\modules\cars\useCases\createSpecification\CreateSpecificationController.ts
FN:1,Object.<anonymous>
FN:2,Object.<anonymous>.__awaiter
FNF:2
FNH:1
FNDA:2,Object.<anonymous>
FNDA:0,Object.<anonymous>.__awaiter
DA:1,2
DA:2,2
DA:3,0
DA:4,0
DA:5,0
DA:6,0
DA:7,0
DA:8,0
DA:9,0
DA:10,0
DA:11,0
DA:12,0
DA:13,0
DA:14,0
DA:15,0
DA:16,0
DA:17,0
DA:18,0
DA:19,0
DA:20,0
DA:21,0
DA:22,0
DA:23,0
DA:24,0
DA:25,0
LF:25
LH:2
BRDA:1,0,0,2
BRDA:1,1,0,2
BRF:2
BRH:2
end_of_record
TN:
SF:src\modules\cars\useCases\createSpecification\CreateSpecificationUseCase.ts
FN:1,Object.<anonymous>
FN:2,Object.<anonymous>.__decorate
FN:24,Object.<anonymous>.__metadata
FN:27,Object.<anonymous>.__param
FN:37,Object.<anonymous>.__awaiter
FNF:5
FNH:4
FNDA:2,Object.<anonymous>
FNDA:2,Object.<anonymous>.__decorate
FNDA:2,Object.<anonymous>.__metadata
FNDA:2,Object.<anonymous>.__param
FNDA:0,Object.<anonymous>.__awaiter
DA:1,2
DA:2,2
DA:3,2
DA:4,0
DA:5,0
DA:6,0
DA:7,2
DA:8,2
DA:9,2
DA:10,2
DA:11,2
DA:12,2
DA:13,2
DA:14,2
DA:15,2
DA:16,0
DA:17,2
DA:18,2
DA:19,2
DA:20,2
DA:21,2
DA:22,2
DA:23,2
DA:24,2
DA:25,2
DA:26,2
DA:27,2
DA:28,2
DA:29,2
DA:30,2
DA:31,2
DA:32,2
DA:33,2
DA:34,2
DA:35,2
DA:36,2
DA:37,2
LF:37
LH:33
BRDA:1,0,0,2
BRDA:1,1,0,2
BRDA:2,2,0,2
BRDA:3,3,0,0
BRDA:15,4,0,0
BRDA:19,5,0,0
BRDA:24,6,0,2
BRDA:27,7,0,2
BRDA:30,8,0,2
BRF:9
BRH:6
end_of_record
TN:
SF:src\modules\cars\useCases\importCategory\ImportCategoryController.ts
FN:1,Object.<anonymous>
FN:2,Object.<anonymous>.__awaiter
FNF:2
FNH:1
FNDA:2,Object.<anonymous>
FNDA:0,Object.<anonymous>.__awaiter
DA:1,2
DA:2,2
DA:3,0
DA:4,0
DA:5,0
DA:6,0
DA:7,0
DA:8,0
DA:9,0
DA:10,0
DA:11,0
DA:12,0
DA:13,0
DA:14,0
DA:15,0
DA:16,0
DA:17,0
DA:18,0
DA:19,0
DA:20,0
DA:21,0
LF:21
LH:2
BRDA:1,0,0,2
BRDA:1,1,0,2
BRF:2
BRH:2
end_of_record
TN:
SF:src\modules\cars\useCases\importCategory\ImportCategoryUseCase.ts
FN:1,Object.<anonymous>
FN:2,Object.<anonymous>.__decorate
FN:21,Object.<anonymous>.__metadata
FN:27,Object.<anonymous>.__param
FN:31,Object.<anonymous>.__awaiter
FN:58,ImportCategoryUseCase
FN:62,loadCategories
FNF:7
FNH:4
FNDA:2,Object.<anonymous>
FNDA:2,Object.<anonymous>.__decorate
FNDA:2,Object.<anonymous>.__metadata
FNDA:2,Object.<anonymous>.__param
FNDA:0,Object.<anonymous>.__awaiter
FNDA:0,ImportCategoryUseCase
FNDA:0,loadCategories
DA:1,2
DA:2,2
DA:3,2
DA:4,2
DA:5,0
DA:6,2
DA:7,2
DA:8,2
DA:9,2
DA:10,2
DA:11,2
DA:12,2
DA:13,2
DA:14,2
DA:15,2
DA:16,0
DA:17,0
DA:18,0
DA:19,0
DA:20,2
DA:21,2
DA:22,2
DA:23,2
DA:24,2
DA:25,2
DA:26,2
DA:27,2
DA:28,2
DA:29,2
DA:30,2
DA:31,2
DA:32,0
DA:33,0
DA:34,0
DA:35,0
DA:36,0
DA:37,0
DA:38,0
DA:39,0
DA:40,0
DA:41,0
DA:42,0
DA:43,0
DA:44,0
DA:45,2
DA:46,2
DA:47,2
DA:48,2
DA:49,2
DA:50,2
DA:51,2
DA:52,2
DA:53,2
DA:54,2
DA:55,2
DA:56,2
DA:57,2
DA:58,2
DA:59,0
DA:60,0
DA:61,2
DA:62,2
DA:63,0
DA:64,0
DA:65,0
DA:66,0
DA:67,0
DA:68,0
DA:69,0
DA:70,0
DA:71,0
DA:72,0
DA:73,0
DA:74,0
DA:75,0
DA:76,0
DA:77,0
DA:78,0
DA:79,0
DA:80,0
DA:81,0
DA:82,0
LF:82
LH:42
BRDA:1,0,0,2
BRDA:1,1,0,2
BRDA:2,2,0,2
BRDA:4,3,0,0
BRDA:15,4,0,0
BRDA:20,5,0,0
BRDA:20,6,0,0
BRDA:21,7,0,2
BRDA:27,8,0,2
BRDA:27,9,0,2
BRF:10
BRH:6
end_of_record
TN:
SF:src\modules\cars\useCases\listAvailableCars\ListAvailableCarsController.ts
FN:8,handle
FNF:1
FNH:0
FNDA:0,handle
DA:1,1
DA:2,1
DA:3,1
DA:4,1
DA:5,1
DA:6,1
DA:7,1
DA:8,1
DA:9,0
DA:10,0
DA:11,0
DA:12,0
DA:13,0
DA:14,0
DA:15,0
DA:16,0
DA:17,0
DA:18,0
DA:19,0
DA:20,0
DA:21,0
DA:22,1
DA:23,1
DA:24,1
DA:25,1
LF:25
LH:12
BRF:0
BRH:0
end_of_record
TN:
SF:src\modules\cars\useCases\listAvailableCars\ListAvailableCarsUseCase.ts
FN:15,ListAvailableCarsUseCase
FN:20,execute
FNF:2
FNH:2
FNDA:4,ListAvailableCarsUseCase
FNDA:4,execute
DA:1,1
DA:2,1
DA:3,1
DA:4,1
DA:5,1
DA:6,1
DA:7,1
DA:8,1
DA:9,1
DA:10,1
DA:11,1
DA:12,1
DA:13,1
DA:14,1
DA:15,1
DA:16,4
DA:17,4
DA:18,4
DA:19,1
DA:20,1
DA:21,4
DA:22,4
DA:23,4
DA:24,4
DA:25,4
DA:26,4
DA:27,4
DA:28,1
DA:29,1
DA:30,1
DA:31,1
LF:31
LH:31
BRDA:15,0,0,4
BRDA:20,1,0,4
BRF:2
BRH:2
end_of_record
TN:
SF:src\modules\cars\useCases\listCategories\ListCategoriesController.ts
FN:11,handle
FNF:1
FNH:1
FNDA:1,handle
DA:1,1
DA:2,1
DA:3,1
DA:4,1
DA:5,1
DA:6,1
DA:7,1
DA:8,1
DA:9,1
DA:10,1
DA:11,1
DA:12,1
DA:13,1
DA:14,1
DA:15,1
DA:16,1
DA:17,1
DA:18,1
DA:19,1
DA:20,1
DA:21,1
DA:22,1
DA:23,1
LF:23
LH:23
BRDA:11,0,0,1
BRF:1
BRH:1
end_of_record
TN:
SF:src\modules\cars\useCases\listCategories\ListCategoriesUseCase.ts
FN:11,ListCategoriesUseCase
FN:21,execute
FNF:2
FNH:2
FNDA:1,ListCategoriesUseCase
FNDA:1,execute
DA:1,1
DA:2,1
DA:3,1
DA:4,1
DA:5,1
DA:6,1
DA:7,1
DA:8,1
DA:9,1
DA:10,1
DA:11,1
DA:12,1
DA:13,1
DA:14,1
DA:15,1
DA:16,1
DA:17,1
DA:18,1
DA:19,1
DA:20,1
DA:21,1
DA:22,1
DA:23,1
DA:24,1
DA:25,1
DA:26,1
DA:27,1
DA:28,1
DA:29,1
DA:30,1
DA:31,1
DA:32,1
LF:32
LH:32
BRDA:11,0,0,1
BRDA:21,1,0,1
BRF:2
BRH:2
end_of_record
TN:
SF:src\modules\cars\useCases\uploadCarImages\UploadCarImagesController.ts
FN:1,Object.<anonymous>
FN:2,Object.<anonymous>.__awaiter
FNF:2
FNH:1
FNDA:2,Object.<anonymous>
FNDA:0,Object.<anonymous>.__awaiter
DA:1,2
DA:2,2
DA:3,0
DA:4,0
DA:5,0
DA:6,0
DA:7,0
DA:8,0
DA:9,0
DA:10,0
DA:11,0
DA:12,0
DA:13,0
DA:14,0
DA:15,0
DA:16,0
DA:17,0
DA:18,0
DA:19,0
DA:20,0
DA:21,0
DA:22,0
DA:23,2
DA:24,2
DA:25,2
DA:26,2
DA:27,2
DA:28,2
DA:29,2
LF:29
LH:9
BRDA:1,0,0,2
BRDA:1,1,0,2
BRF:2
BRH:2
end_of_record
TN:
SF:src\modules\cars\useCases\uploadCarImages\UploadCarImagesUseCase.ts
FN:1,Object.<anonymous>
FN:2,Object.<anonymous>.__decorate
FN:24,Object.<anonymous>.__metadata
FN:26,Object.<anonymous>.__param
FN:30,Object.<anonymous>.__awaiter
FNF:5
FNH:4
FNDA:2,Object.<anonymous>
FNDA:2,Object.<anonymous>.__decorate
FNDA:2,Object.<anonymous>.__metadata
FNDA:2,Object.<anonymous>.__param
FNDA:0,Object.<anonymous>.__awaiter
DA:1,2
DA:2,2
DA:3,2
DA:4,2
DA:5,2
DA:6,2
DA:7,2
DA:8,2
DA:9,2
DA:10,2
DA:11,2
DA:12,2
DA:13,0
DA:14,0
DA:15,0
DA:16,0
DA:17,0
DA:18,0
DA:19,0
DA:20,0
DA:21,2
DA:22,2
DA:23,2
DA:24,2
DA:25,2
DA:26,2
DA:27,2
DA:28,2
DA:29,2
DA:30,2
DA:31,0
DA:32,0
DA:33,0
DA:34,0
DA:35,0
DA:36,0
DA:37,0
DA:38,0
DA:39,0
DA:40,0
DA:41,0
DA:42,0
DA:43,0
DA:44,0
DA:45,0
DA:46,0
LF:46
LH:22
BRDA:1,0,0,2
BRDA:1,1,0,2
BRDA:2,2,0,2
BRDA:3,3,0,0
BRDA:12,4,0,0
BRDA:22,5,0,0
BRDA:22,6,0,0
BRDA:24,7,0,2
BRDA:26,8,0,2
BRDA:28,9,0,2
BRF:10
BRH:6
end_of_record
TN:
SF:src\modules\rentals\useCases\createRental\CreateRentalController.ts
FN:8,handle
FNF:1
FNH:0
FNDA:0,handle
DA:1,1
DA:2,1
DA:3,1
DA:4,1
DA:5,1
DA:6,1
DA:7,1
DA:8,1
DA:9,0
DA:10,0
DA:11,0
DA:12,0
DA:13,0
DA:14,0
DA:15,0
DA:16,0
DA:17,0
DA:18,0
DA:19,0
DA:20,0
DA:21,0
DA:22,0
DA:23,0
DA:24,1
DA:25,1
DA:26,1
LF:26
LH:11
BRF:0
BRH:0
end_of_record
TN:
SF:src\modules\rentals\useCases\createRental\CreateRentalUseCase.ts
FN:22,CreateRentalUseCase
FN:32,execute
FNF:2
FNH:2
FNDA:4,CreateRentalUseCase
FNDA:4,execute
DA:1,1
DA:2,1
DA:3,1
DA:4,1
DA:5,1
DA:6,1
DA:7,1
DA:8,1
DA:9,1
DA:10,1
DA:11,1
DA:12,1
DA:13,1
DA:14,1
DA:15,1
DA:16,1
DA:17,1
DA:18,1
DA:19,1
DA:20,1
DA:21,1
DA:22,1
DA:23,4
DA:24,4
DA:25,4
DA:26,4
DA:27,4
DA:28,4
DA:29,4
DA:30,4
DA:31,1
DA:32,1
DA:33,4
DA:34,4
DA:35,4
DA:36,4
DA:37,4
DA:38,4
DA:39,4
DA:40,4
DA:41,1
DA:42,1
DA:43,4
DA:44,4
DA:45,4
DA:46,4
DA:47,4
DA:48,4
DA:49,4
DA:50,1
DA:51,1
DA:52,2
DA:53,2
DA:54,2
DA:55,2
DA:56,2
DA:57,2
DA:58,2
DA:59,2
DA:60,4
DA:61,1
DA:62,1
DA:63,1
DA:64,1
DA:65,1
DA:66,1
DA:67,1
DA:68,1
DA:69,1
DA:70,1
DA:71,1
DA:72,1
DA:73,1
DA:74,1
DA:75,1
DA:76,1
DA:77,1
LF:77
LH:77
BRDA:22,0,0,4
BRDA:32,1,0,4
BRDA:40,2,0,1
BRDA:49,3,0,1
BRDA:52,4,0,2
BRDA:60,5,0,1
BRF:6
BRH:6
end_of_record
TN:
SF:src\modules\rentals\useCases\devolutionRental\DevolutionRental.Controller.ts
FN:8,handle
FNF:1
FNH:0
FNDA:0,handle
DA:1,1
DA:2,1
DA:3,1
DA:4,1
DA:5,1
DA:6,1
DA:7,1
DA:8,1
DA:9,0
DA:10,0
DA:11,0
DA:12,0
DA:13,0
DA:14,0
DA:15,0
DA:16,0
DA:17,0
DA:18,0
DA:19,0
DA:20,0
DA:21,0
DA:22,1
DA:23,1
DA:24,1
LF:24
LH:11
BRF:0
BRH:0
end_of_record
TN:
SF:src\modules\rentals\useCases\devolutionRental\DevolutionRentalUseCase.ts
FN:17,DevolutionRentalUseCase
FN:26,execute
FNF:2
FNH:0
FNDA:0,DevolutionRentalUseCase
FNDA:0,execute
DA:1,1
DA:2,1
DA:3,1
DA:4,1
DA:5,1
DA:6,1
DA:7,1
DA:8,1
DA:9,1
DA:10,1
DA:11,1
DA:12,1
DA:13,1
DA:14,1
DA:15,1
DA:16,1
DA:17,1
DA:18,0
DA:19,0
DA:20,0
DA:21,0
DA:22,0
DA:23,0
DA:24,0
DA:25,1
DA:26,1
DA:27,0
DA:28,0
DA:29,0
DA:30,0
DA:31,0
DA:32,0
DA:33,0
DA:34,0
DA:35,0
DA:36,0
DA:37,0
DA:38,0
DA:39,0
DA:40,0
DA:41,0
DA:42,0
DA:43,0
DA:44,0
DA:45,0
DA:46,0
DA:47,0
DA:48,0
DA:49,0
DA:50,0
DA:51,0
DA:52,0
DA:53,0
DA:54,0
DA:55,0
DA:56,0
DA:57,0
DA:58,0
DA:59,0
DA:60,0
DA:61,0
DA:62,0
DA:63,0
DA:64,0
DA:65,0
DA:66,0
DA:67,0
DA:68,0
DA:69,0
DA:70,0
DA:71,0
DA:72,1
DA:73,1
DA:74,1
DA:75,1
LF:75
LH:23
BRF:0
BRH:0
end_of_record
TN:
SF:src\modules\rentals\useCases\listRentalsByUser\ListRentalsByUserController.ts
FN:8,handle
FNF:1
FNH:0
FNDA:0,handle
DA:1,1
DA:2,1
DA:3,1
DA:4,1
DA:5,1
DA:6,1
DA:7,1
DA:8,1
DA:9,0
DA:10,0
DA:11,0
DA:12,0
DA:13,0
DA:14,0
DA:15,0
DA:16,0
DA:17,0
DA:18,1
DA:19,1
DA:20,1
DA:21,1
LF:21
LH:12
BRF:0
BRH:0
end_of_record
TN:
SF:src\modules\rentals\useCases\listRentalsByUser\ListRentalsByUserUseCase.ts
FN:9,ListRentalsByUseUseCase
FN:16,execute
FNF:2
FNH:0
FNDA:0,ListRentalsByUseUseCase
FNDA:0,execute
DA:1,1
DA:2,1
DA:3,1
DA:4,1
DA:5,1
DA:6,1
DA:7,1
DA:8,1
DA:9,1
DA:10,0
DA:11,0
DA:12,0
DA:13,0
DA:14,0
DA:15,1
DA:16,1
DA:17,0
DA:18,0
DA:19,0
DA:20,0
DA:21,0
DA:22,1
DA:23,1
DA:24,1
DA:25,1
DA:26,1
LF:26
LH:16
BRF:0
BRH:0
end_of_record
